<?xml version="1.0" encoding="UTF-8"?>
<!-- Generated by org.testng.reporters.JUnitXMLReporter -->
<testsuite ignored="0" hostname="HPPAV-OCT19-RG" failures="0" tests="11" name="Default test" time="0.089" errors="0" timestamp="2023-03-15T11:29:46 GMT">
  <testcase classname="test.day4" name="LoginAPICarLoan" time="0.007"/>
  <testcase classname="test.day4" name="MobileLoginCarLoan" time="0.0"/>
  <testcase classname="test.day4" name="WebloginCarLoan" time="0.0"/>
  <testcase classname="test.day2" name="ploan" time="0.002"/>
  <testcase classname="test.day3" name="WebloginHomeLoan" time="0.002"/>
  <testcase classname="test.day3" name="WebloginHomeLoan" time="0.001"/>
  <testcase classname="test.day3" name="WebloginHomeLoan" time="0.001"/>
  <testcase classname="test.day3" name="LoginAPIHomeLoan" time="0.001"/>
  <testcase classname="test.day3" name="MobileLoginHomeLoan" time="0.0"/>
  <testcase classname="test.day1" name="Demo" time="0.001"/>
  <testcase classname="test.day1" name="SecondDemo" time="0.002"/>
</testsuite> <!-- Default test -->
