<?xml version="1.0" encoding="UTF-8"?>
<!-- Generated by org.testng.reporters.JUnitXMLReporter -->
<testsuite ignored="0" hostname="HPPAV-OCT19-RG" failures="0" tests="5" name="Car Loan" time="0.018" errors="0" timestamp="2023-02-07T10:16:50 GMT">
  <testcase classname="test.day3" name="WebloginHomeLoan" time="0.001"/>
  <testcase classname="test.day3" name="WebloginHomeLoan" time="0.0"/>
  <testcase classname="test.day3" name="WebloginHomeLoan" time="0.001"/>
  <testcase classname="test.day3" name="LoginAPIHomeLoan" time="0.001"/>
  <testcase classname="test.day3" name="MobileLoginHomeLoan" time="0.0"/>
</testsuite> <!-- Car Loan -->
