<?xml version="1.0" encoding="UTF-8"?>
<!-- Generated by org.testng.reporters.JUnitXMLReporter -->
<testsuite ignored="1" hostname="HPPAV-OCT19-RG" failures="0" tests="5" name="Personal Loan" time="0.035" errors="0" timestamp="2023-02-07T10:16:50 GMT">
  <testcase classname="test.day1" name="Demo" time="0.004"/>
  <testcase classname="test.day2" name="ploan" time="0.001"/>
  <testcase classname="test.day4" name="LoginAPICarLoan" time="0.001"/>
  <testcase classname="test.day4" name="MobileLoginCarLoan" time="0.0"/>
  <testcase classname="test.day4" name="WebloginCarLoan" time="0.001"/>
  <testcase classname="test.day1" name="SecondDemo" time="0.0">
    <ignored/>
  </testcase> <!-- SecondDemo -->
</testsuite> <!-- Personal Loan -->
