<?xml version="1.0" encoding="UTF-8"?>
<!-- Generated by org.testng.reporters.JUnitXMLReporter -->
<testsuite ignored="3" hostname="HPPAV-OCT19-RG" failures="0" tests="6" name="Regression" time="0.042" errors="0" timestamp="2023-02-06T15:14:22 GMT">
  <testcase classname="test.day1" name="Demo" time="0.004"/>
  <testcase classname="test.day1" name="SecondDemo" time="0.001"/>
  <testcase classname="test.day3" name="MobileLoginHomeLoan" time="0.001"/>
  <testcase classname="test.day3" name="WebloginHomeLoan" time="0.001"/>
  <testcase classname="test.day4" name="MobileLoginCarLoan" time="0.0"/>
  <testcase classname="test.day4" name="WebloginCarLoan" time="0.001"/>
  <testcase classname="test.day2" name="ploan" time="0.0">
    <ignored/>
  </testcase> <!-- ploan -->
  <testcase classname="test.day3" name="LoginAPIHomeLoan" time="0.0">
    <ignored/>
  </testcase> <!-- LoginAPIHomeLoan -->
  <testcase classname="test.day4" name="LoginAPICarLoan" time="0.0">
    <ignored/>
  </testcase> <!-- LoginAPICarLoan -->
</testsuite> <!-- Regression -->
