<?xml version="1.0" encoding="UTF-8"?>
<testng-results ignored="0" total="11" passed="11" failed="0" skipped="0">
  <reporter-output>
  </reporter-output>
  <suite started-at="2023-03-15T11:29:46 GMT" name="Default suite" finished-at="2023-03-15T11:29:46 GMT" duration-ms="89">
    <groups>
      <group name="Smoke">
        <method signature="day2.ploan()[pri:0, instance:test.day2@2df9b86]" name="ploan" class="test.day2"/>
        <method signature="day3.LoginAPIHomeLoan()[pri:0, instance:test.day3@4d02f94e]" name="LoginAPIHomeLoan" class="test.day3"/>
        <method signature="day4.LoginAPICarLoan()[pri:0, instance:test.day4@55536d9e]" name="LoginAPICarLoan" class="test.day4"/>
      </group> <!-- Smoke -->
    </groups>
    <test started-at="2023-03-15T11:29:46 GMT" name="Default test" finished-at="2023-03-15T11:29:46 GMT" duration-ms="89">
      <class name="test.day4">
        <test-method signature="LoginAPICarLoan()[pri:0, instance:test.day4@55536d9e]" started-at="2023-03-15T11:29:46 GMT" name="LoginAPICarLoan" finished-at="2023-03-15T11:29:46 GMT" duration-ms="7" status="PASS">
          <reporter-output>
          </reporter-output>
        </test-method> <!-- LoginAPICarLoan -->
        <test-method signature="MobileLoginCarLoan()[pri:0, instance:test.day4@55536d9e]" started-at="2023-03-15T11:29:46 GMT" name="MobileLoginCarLoan" finished-at="2023-03-15T11:29:46 GMT" duration-ms="0" status="PASS">
          <reporter-output>
          </reporter-output>
        </test-method> <!-- MobileLoginCarLoan -->
        <test-method signature="WebloginCarLoan()[pri:0, instance:test.day4@55536d9e]" started-at="2023-03-15T11:29:46 GMT" name="WebloginCarLoan" finished-at="2023-03-15T11:29:46 GMT" duration-ms="0" status="PASS">
          <reporter-output>
          </reporter-output>
        </test-method> <!-- WebloginCarLoan -->
      </class> <!-- test.day4 -->
      <class name="test.day2">
        <test-method is-config="true" signature="prerequiste()[pri:0, instance:test.day2@2df9b86]" started-at="2023-03-15T11:29:46 GMT" name="prerequiste" finished-at="2023-03-15T11:29:46 GMT" duration-ms="1" status="PASS">
          <reporter-output>
          </reporter-output>
        </test-method> <!-- prerequiste -->
        <test-method signature="ploan()[pri:0, instance:test.day2@2df9b86]" started-at="2023-03-15T11:29:46 GMT" name="ploan" finished-at="2023-03-15T11:29:46 GMT" duration-ms="2" status="PASS">
          <reporter-output>
          </reporter-output>
        </test-method> <!-- ploan -->
      </class> <!-- test.day2 -->
      <class name="test.day3">
        <test-method is-config="true" signature="Bfsuite()[pri:0, instance:test.day3@4d02f94e]" started-at="2023-03-15T11:29:46 GMT" name="Bfsuite" finished-at="2023-03-15T11:29:46 GMT" duration-ms="7" status="PASS">
          <reporter-output>
          </reporter-output>
        </test-method> <!-- Bfsuite -->
        <test-method is-config="true" signature="beforeclass()[pri:0, instance:test.day3@4d02f94e]" started-at="2023-03-15T11:29:46 GMT" name="beforeclass" finished-at="2023-03-15T11:29:46 GMT" duration-ms="1" status="PASS">
          <reporter-output>
          </reporter-output>
        </test-method> <!-- beforeclass -->
        <test-method is-config="true" signature="beforeevery()[pri:0, instance:test.day3@4d02f94e]" started-at="2023-03-15T11:29:46 GMT" name="beforeevery" finished-at="2023-03-15T11:29:46 GMT" duration-ms="1" status="PASS">
          <reporter-output>
          </reporter-output>
        </test-method> <!-- beforeevery -->
        <test-method signature="WebloginHomeLoan(java.lang.String,java.lang.String)[pri:0, instance:test.day3@4d02f94e]" started-at="2023-03-15T11:29:46 GMT" name="WebloginHomeLoan" data-provider="getData" finished-at="2023-03-15T11:29:46 GMT" duration-ms="2" status="PASS">
          <params>
            <param index="0">
              <value>
                <![CDATA[firstsetusername]]>
              </value>
            </param>
            <param index="1">
              <value>
                <![CDATA[password]]>
              </value>
            </param>
          </params>
          <reporter-output>
          </reporter-output>
        </test-method> <!-- WebloginHomeLoan -->
        <test-method signature="WebloginHomeLoan(java.lang.String,java.lang.String)[pri:0, instance:test.day3@4d02f94e]" started-at="2023-03-15T11:29:46 GMT" name="WebloginHomeLoan" data-provider="getData" finished-at="2023-03-15T11:29:46 GMT" duration-ms="1" status="PASS">
          <params>
            <param index="0">
              <value>
                <![CDATA[Secondsetusername]]>
              </value>
            </param>
            <param index="1">
              <value>
                <![CDATA[secondpassword]]>
              </value>
            </param>
          </params>
          <reporter-output>
          </reporter-output>
        </test-method> <!-- WebloginHomeLoan -->
        <test-method is-config="true" signature="beforeevery()[pri:0, instance:test.day3@4d02f94e]" started-at="2023-03-15T11:29:46 GMT" name="beforeevery" finished-at="2023-03-15T11:29:46 GMT" duration-ms="0" status="PASS">
          <reporter-output>
          </reporter-output>
        </test-method> <!-- beforeevery -->
        <test-method is-config="true" signature="afterclass()[pri:0, instance:test.day3@4d02f94e]" started-at="2023-03-15T11:29:46 GMT" name="afterclass" finished-at="2023-03-15T11:29:46 GMT" duration-ms="0" status="PASS">
          <reporter-output>
          </reporter-output>
        </test-method> <!-- afterclass -->
        <test-method is-config="true" signature="afterclass()[pri:0, instance:test.day3@4d02f94e]" started-at="2023-03-15T11:29:46 GMT" name="afterclass" finished-at="2023-03-15T11:29:46 GMT" duration-ms="1" status="PASS">
          <reporter-output>
          </reporter-output>
        </test-method> <!-- afterclass -->
        <test-method signature="WebloginHomeLoan(java.lang.String,java.lang.String)[pri:0, instance:test.day3@4d02f94e]" started-at="2023-03-15T11:29:46 GMT" name="WebloginHomeLoan" data-provider="getData" finished-at="2023-03-15T11:29:46 GMT" duration-ms="1" status="PASS">
          <params>
            <param index="0">
              <value>
                <![CDATA[Thirdsetusername]]>
              </value>
            </param>
            <param index="1">
              <value>
                <![CDATA[Thirdpassword]]>
              </value>
            </param>
          </params>
          <reporter-output>
          </reporter-output>
        </test-method> <!-- WebloginHomeLoan -->
        <test-method is-config="true" signature="beforeevery()[pri:0, instance:test.day3@4d02f94e]" started-at="2023-03-15T11:29:46 GMT" name="beforeevery" finished-at="2023-03-15T11:29:46 GMT" duration-ms="0" status="PASS">
          <reporter-output>
          </reporter-output>
        </test-method> <!-- beforeevery -->
        <test-method is-config="true" signature="afterclass()[pri:0, instance:test.day3@4d02f94e]" started-at="2023-03-15T11:29:46 GMT" name="afterclass" finished-at="2023-03-15T11:29:46 GMT" duration-ms="1" status="PASS">
          <reporter-output>
          </reporter-output>
        </test-method> <!-- afterclass -->
        <test-method is-config="true" signature="beforeevery()[pri:0, instance:test.day3@4d02f94e]" started-at="2023-03-15T11:29:46 GMT" name="beforeevery" finished-at="2023-03-15T11:29:46 GMT" duration-ms="0" status="PASS">
          <reporter-output>
          </reporter-output>
        </test-method> <!-- beforeevery -->
        <test-method signature="LoginAPIHomeLoan()[pri:0, instance:test.day3@4d02f94e]" started-at="2023-03-15T11:29:46 GMT" name="LoginAPIHomeLoan" finished-at="2023-03-15T11:29:46 GMT" duration-ms="1" status="PASS">
          <reporter-output>
          </reporter-output>
        </test-method> <!-- LoginAPIHomeLoan -->
        <test-method is-config="true" signature="afterclass()[pri:0, instance:test.day3@4d02f94e]" started-at="2023-03-15T11:29:46 GMT" name="afterclass" finished-at="2023-03-15T11:29:46 GMT" duration-ms="0" status="PASS">
          <reporter-output>
          </reporter-output>
        </test-method> <!-- afterclass -->
        <test-method is-config="true" signature="beforeevery()[pri:0, instance:test.day3@4d02f94e]" started-at="2023-03-15T11:29:46 GMT" name="beforeevery" finished-at="2023-03-15T11:29:46 GMT" duration-ms="1" status="PASS">
          <reporter-output>
          </reporter-output>
        </test-method> <!-- beforeevery -->
        <test-method signature="MobileLoginHomeLoan()[pri:0, instance:test.day3@4d02f94e]" started-at="2023-03-15T11:29:46 GMT" name="MobileLoginHomeLoan" finished-at="2023-03-15T11:29:46 GMT" depends-on-methods="test.day3.WebloginHomeLoan" duration-ms="0" status="PASS">
          <reporter-output>
          </reporter-output>
        </test-method> <!-- MobileLoginHomeLoan -->
        <test-method is-config="true" signature="afterclass()[pri:0, instance:test.day3@4d02f94e]" started-at="2023-03-15T11:29:46 GMT" name="afterclass" finished-at="2023-03-15T11:29:46 GMT" duration-ms="1" status="PASS">
          <reporter-output>
          </reporter-output>
        </test-method> <!-- afterclass -->
      </class> <!-- test.day3 -->
      <class name="test.day1">
        <test-method signature="Demo()[pri:0, instance:test.day1@2053d869]" started-at="2023-03-15T11:29:46 GMT" name="Demo" finished-at="2023-03-15T11:29:46 GMT" duration-ms="1" status="PASS">
          <reporter-output>
          </reporter-output>
        </test-method> <!-- Demo -->
        <test-method signature="SecondDemo()[pri:0, instance:test.day1@2053d869]" started-at="2023-03-15T11:29:46 GMT" name="SecondDemo" finished-at="2023-03-15T11:29:46 GMT" duration-ms="2" status="PASS">
          <reporter-output>
          </reporter-output>
        </test-method> <!-- SecondDemo -->
        <test-method is-config="true" signature="afSuite()[pri:0, instance:test.day1@2053d869]" started-at="2023-03-15T11:29:46 GMT" name="afSuite" finished-at="2023-03-15T11:29:46 GMT" duration-ms="0" status="PASS">
          <reporter-output>
          </reporter-output>
        </test-method> <!-- afSuite -->
      </class> <!-- test.day1 -->
    </test> <!-- Default test -->
  </suite> <!-- Default suite -->
</testng-results>
